TN:
SF:/home/amr/Documents/Angular/new/Angular/src/polyfills.ts
FNF:0
FNH:0
DA:46,1
DA:74,1
LF:2
LH:2
BRF:0
BRH:0
end_of_record
TN:
SF:/home/amr/Documents/Angular/new/Angular/src/test.ts
FNF:0
FNH:0
DA:3,1
DA:4,1
DA:5,1
DA:13,1
DA:18,1
DA:20,1
LF:6
LH:6
BRF:0
BRH:0
end_of_record
TN:
SF:/home/amr/Documents/Angular/new/Angular/src/app/app.component.ts
FN:9,(anonymous_2)
FN:44,AppComponent
FN:46,(anonymous_4)
FN:51,(anonymous_5)
FNF:4
FNH:3
FNDA:1,(anonymous_2)
FNDA:1,AppComponent
FNDA:1,(anonymous_4)
FNDA:0,(anonymous_5)
DA:1,1
DA:2,1
DA:9,1
DA:10,1
DA:13,1
DA:15,1
DA:24,1
DA:27,1
DA:28,1
DA:29,1
DA:30,1
DA:31,1
DA:32,1
DA:33,1
DA:34,1
DA:35,1
DA:36,1
DA:38,1
DA:42,1
DA:44,1
DA:46,1
DA:47,1
DA:48,1
DA:51,1
DA:52,0
DA:55,1
LF:26
LH:25
BRF:0
BRH:0
end_of_record
TN:
SF:/home/amr/Documents/Angular/new/Angular/src/app/charts-colors.ts
FNF:0
FNH:0
DA:2,1
LF:1
LH:1
BRF:0
BRH:0
end_of_record
TN:
SF:/home/amr/Documents/Angular/new/Angular/src/app/data.ts
FNF:0
FNH:0
DA:2,1
LF:1
LH:1
BRF:0
BRH:0
end_of_record
TN:
SF:/home/amr/Documents/Angular/new/Angular/src/app/charts/charts.component.ts
FN:9,(anonymous_2)
FN:31,ChartsComponent
FN:35,(anonymous_4)
FN:36,(anonymous_5)
FNF:4
FNH:4
FNDA:1,(anonymous_2)
FNDA:2,ChartsComponent
FNDA:1,(anonymous_4)
FNDA:15,(anonymous_5)
DA:1,1
DA:2,1
DA:9,1
DA:11,1
DA:12,1
DA:13,1
DA:15,2
DA:18,2
DA:19,2
DA:20,2
DA:21,2
DA:22,2
DA:23,2
DA:24,2
DA:25,2
DA:26,2
DA:27,2
DA:32,2
DA:35,1
DA:36,1
DA:37,15
DA:41,1
LF:22
LH:22
BRF:0
BRH:0
end_of_record
